<?xml version="1.0" encoding="UTF-8"?>
<!-- Generated by org.testng.reporters.JUnitReportReporter -->
<testsuite skipped="0" hostname="HDC2-D-CCSQXJ2" name="seleniumsample.TestNGDemo" tests="4" failures="0" timestamp="2020-01-29T17:42:57 IST" time="0.031" errors="0">
  <testcase name="Wallet" time="0.016" classname="seleniumsample.TestNGDemo"/>
  <testcase name="Login" time="0.000" classname="seleniumsample.TestNGDemo"/>
  <testcase name="orders" time="0.000" classname="seleniumsample.TestNGDemo"/>
  <testcase name="Logina" time="0.015" classname="seleniumsample.TestNGDemo"/>
</testsuite> <!-- seleniumsample.TestNGDemo -->
